<?xml version="1.0" encoding="UTF-8"?>
<!-- Generated by org.testng.reporters.JUnitReportReporter -->
<testsuite skipped="0" hostname="Podagat-vedula" name="testGIT.Sample" tests="1" failures="0" timestamp="9 Oct 2020 04:13:41 GMT" time="26.956" errors="0">
  <testcase name="launch" time="26.956" classname="testGIT.Sample"/>
</testsuite> <!-- testGIT.Sample -->
