<?xml version="1.0" encoding="UTF-8"?>
<!-- Generated by org.testng.reporters.JUnitReportReporter -->
<testsuite skipped="0" hostname="Podagat-vedula" name="testGIT.Sample" tests="1" failures="0" timestamp="7 Oct 2020 23:11:43 GMT" time="16.112" errors="0">
  <testcase name="launch" time="16.112" classname="testGIT.Sample"/>
</testsuite> <!-- testGIT.Sample -->
